<?xml version="1.0" encoding="UTF-8"?>
<testng-results ignored="0" total="1" passed="0" failed="1" skipped="0">
  <reporter-output>
  </reporter-output>
  <suite started-at="2025-05-27T03:10:46 GMT+05:30" name="Naukri Resume Update Suite" finished-at="2025-05-27T03:10:56 GMT+05:30" duration-ms="10381">
    <groups>
    </groups>
    <test started-at="2025-05-27T03:10:46 GMT+05:30" name="ResumeUpdateTest" finished-at="2025-05-27T03:10:56 GMT+05:30" duration-ms="10381">
      <class name="com.naukri.update.NaukriTest">
        <test-method is-config="true" signature="launchBrowser(java.lang.String,java.lang.String,java.lang.String)[pri:0, instance:com.naukri.update.NaukriTest@4988d8b8]" started-at="2025-05-27T03:10:46 GMT+05:30" name="launchBrowser" finished-at="2025-05-27T03:10:52 GMT+05:30" duration-ms="6169" status="PASS">
          <params>
            <param index="0">
              <value>
                <![CDATA[chrome]]>
              </value>
            </param>
            <param index="1">
              <value>
                <![CDATA[naukri]]>
              </value>
            </param>
            <param index="2">
              <value>
                <![CDATA[prod]]>
              </value>
            </param>
          </params>
          <reporter-output>
          </reporter-output>
        </test-method> <!-- launchBrowser -->
        <test-method signature="updateResume(java.lang.String,java.lang.String)[pri:0, instance:com.naukri.update.NaukriTest@4988d8b8]" started-at="2025-05-27T03:10:52 GMT+05:30" name="updateResume" finished-at="2025-05-27T03:10:56 GMT+05:30" duration-ms="3861" status="FAIL">
          <params>
            <param index="0">
              <value>
                <![CDATA[chetandaulani77@gmail.com]]>
              </value>
            </param>
            <param index="1">
              <value>
                <![CDATA[Crack@2025]]>
              </value>
            </param>
          </params>
          <exception class="org.openqa.selenium.InvalidArgumentException">
            <message>
              <![CDATA[invalid argument: File not found : C:\Users\cheta\OneDrive\Documents\GithubFinal\Selenium-Automation-Framework\src\test\resources\docs\chetan_daulani.pdf
  (Session info: chrome=136.0.7103.114)
Build info: version: '4.21.0', revision: '79ed462ef4'
System info: os.name: 'Windows 10', os.arch: 'amd64', os.version: '10.0', java.version: '21.0.7'
Driver info: org.openqa.selenium.chrome.ChromeDriver
Command: [d30ec7d62b2e91a44603a3b03c23ce97, sendKeysToElement {id=f.E699BB36BAAF453EBDE9EAAC983B2B3A.d.3BE9C8BECA1DF8D0FBE3EC45DFE32BD1.e.194, value=[Ljava.lang.CharSequence;@466cf502}]
Capabilities {acceptInsecureCerts: false, browserName: chrome, browserVersion: 136.0.7103.114, chrome: {chromedriverVersion: 136.0.7103.113 (76fa3c17824..., userDataDir: C:\Users\cheta\AppData\Loca...}, fedcm:accounts: true, goog:chromeOptions: {debuggerAddress: localhost:53955}, networkConnectionEnabled: false, pageLoadStrategy: normal, platformName: windows, proxy: Proxy(), se:cdp: ws://localhost:53955/devtoo..., se:cdpVersion: 136.0.7103.114, setWindowRect: true, strictFileInteractability: false, timeouts: {implicit: 0, pageLoad: 300000, script: 30000}, unhandledPromptBehavior: dismiss and notify, webauthn:extension:credBlob: true, webauthn:extension:largeBlob: true, webauthn:extension:minPinLength: true, webauthn:extension:prf: true, webauthn:virtualAuthenticators: true}
Element: [[ChromeDriver: chrome on windows (d30ec7d62b2e91a44603a3b03c23ce97)] -> xpath: //input[@id='attachCV']]
Session ID: d30ec7d62b2e91a44603a3b03c23ce97]]>
            </message>
            <full-stacktrace>
              <![CDATA[org.openqa.selenium.InvalidArgumentException: invalid argument: File not found : C:\Users\cheta\OneDrive\Documents\GithubFinal\Selenium-Automation-Framework\src\test\resources\docs\chetan_daulani.pdf
  (Session info: chrome=136.0.7103.114)
Build info: version: '4.21.0', revision: '79ed462ef4'
System info: os.name: 'Windows 10', os.arch: 'amd64', os.version: '10.0', java.version: '21.0.7'
Driver info: org.openqa.selenium.chrome.ChromeDriver
Command: [d30ec7d62b2e91a44603a3b03c23ce97, sendKeysToElement {id=f.E699BB36BAAF453EBDE9EAAC983B2B3A.d.3BE9C8BECA1DF8D0FBE3EC45DFE32BD1.e.194, value=[Ljava.lang.CharSequence;@466cf502}]
Capabilities {acceptInsecureCerts: false, browserName: chrome, browserVersion: 136.0.7103.114, chrome: {chromedriverVersion: 136.0.7103.113 (76fa3c17824..., userDataDir: C:\Users\cheta\AppData\Loca...}, fedcm:accounts: true, goog:chromeOptions: {debuggerAddress: localhost:53955}, networkConnectionEnabled: false, pageLoadStrategy: normal, platformName: windows, proxy: Proxy(), se:cdp: ws://localhost:53955/devtoo..., se:cdpVersion: 136.0.7103.114, setWindowRect: true, strictFileInteractability: false, timeouts: {implicit: 0, pageLoad: 300000, script: 30000}, unhandledPromptBehavior: dismiss and notify, webauthn:extension:credBlob: true, webauthn:extension:largeBlob: true, webauthn:extension:minPinLength: true, webauthn:extension:prf: true, webauthn:virtualAuthenticators: true}
Element: [[ChromeDriver: chrome on windows (d30ec7d62b2e91a44603a3b03c23ce97)] -> xpath: //input[@id='attachCV']]
Session ID: d30ec7d62b2e91a44603a3b03c23ce97
at java.base/jdk.internal.reflect.DirectConstructorHandleAccessor.newInstance(DirectConstructorHandleAccessor.java:62)
at java.base/java.lang.reflect.Constructor.newInstanceWithCaller(Constructor.java:502)
at java.base/java.lang.reflect.Constructor.newInstance(Constructor.java:486)
at org.openqa.selenium.remote.ErrorCodec.decode(ErrorCodec.java:167)
at org.openqa.selenium.remote.codec.w3c.W3CHttpResponseCodec.decode(W3CHttpResponseCodec.java:138)
at org.openqa.selenium.remote.codec.w3c.W3CHttpResponseCodec.decode(W3CHttpResponseCodec.java:50)
at org.openqa.selenium.remote.HttpCommandExecutor.execute(HttpCommandExecutor.java:190)
at org.openqa.selenium.remote.service.DriverCommandExecutor.invokeExecute(DriverCommandExecutor.java:216)
at org.openqa.selenium.remote.service.DriverCommandExecutor.execute(DriverCommandExecutor.java:174)
at org.openqa.selenium.remote.RemoteWebDriver.execute(RemoteWebDriver.java:518)
at org.openqa.selenium.remote.RemoteWebElement.execute(RemoteWebElement.java:223)
at org.openqa.selenium.remote.RemoteWebElement.sendKeys(RemoteWebElement.java:110)
at com.chetandaulani.core.framework.Element.sendKeys(Element.java:50)
at com.naukri.update.ProfilePage.uploadResume(ProfilePage.java:23)
at com.naukri.update.NaukriTest.updateResume(NaukriTest.java:16)
at java.base/jdk.internal.reflect.DirectMethodHandleAccessor.invoke(DirectMethodHandleAccessor.java:103)
at java.base/java.lang.reflect.Method.invoke(Method.java:580)
at org.testng.internal.invokers.MethodInvocationHelper.invokeMethod(MethodInvocationHelper.java:141)
at org.testng.internal.invokers.TestInvoker.invokeMethod(TestInvoker.java:687)
at org.testng.internal.invokers.TestInvoker.invokeTestMethod(TestInvoker.java:230)
at org.testng.internal.invokers.MethodRunner.runInSequence(MethodRunner.java:63)
at org.testng.internal.invokers.TestInvoker$MethodInvocationAgent.invoke(TestInvoker.java:995)
at org.testng.internal.invokers.TestInvoker.invokeTestMethods(TestInvoker.java:203)
at org.testng.internal.invokers.TestMethodWorker.invokeTestMethods(TestMethodWorker.java:154)
at org.testng.internal.invokers.TestMethodWorker.run(TestMethodWorker.java:134)
at java.base/java.util.ArrayList.forEach(ArrayList.java:1596)
at org.testng.TestRunner.privateRun(TestRunner.java:741)
at org.testng.TestRunner.run(TestRunner.java:616)
at org.testng.SuiteRunner.runTest(SuiteRunner.java:421)
at org.testng.SuiteRunner.runSequentially(SuiteRunner.java:413)
at org.testng.SuiteRunner.privateRun(SuiteRunner.java:373)
at org.testng.SuiteRunner.run(SuiteRunner.java:312)
at org.testng.SuiteRunnerWorker.runSuite(SuiteRunnerWorker.java:52)
at org.testng.SuiteRunnerWorker.run(SuiteRunnerWorker.java:95)
at org.testng.TestNG.runSuitesSequentially(TestNG.java:1274)
at org.testng.TestNG.runSuitesLocally(TestNG.java:1208)
at org.testng.TestNG.runSuites(TestNG.java:1112)
at org.testng.TestNG.run(TestNG.java:1079)
at org.testng.remote.AbstractRemoteTestNG.run(AbstractRemoteTestNG.java:115)
at org.testng.remote.RemoteTestNG.initAndRun(RemoteTestNG.java:293)
at org.testng.remote.RemoteTestNG.main(RemoteTestNG.java:91)
]]>
            </full-stacktrace>
          </exception> <!-- org.openqa.selenium.InvalidArgumentException -->
          <reporter-output>
          </reporter-output>
        </test-method> <!-- updateResume -->
        <test-method is-config="true" signature="tearDown()[pri:0, instance:com.naukri.update.NaukriTest@4988d8b8]" started-at="2025-05-27T03:10:56 GMT+05:30" name="tearDown" finished-at="2025-05-27T03:10:56 GMT+05:30" duration-ms="284" status="PASS">
          <reporter-output>
          </reporter-output>
        </test-method> <!-- tearDown -->
      </class> <!-- com.naukri.update.NaukriTest -->
    </test> <!-- ResumeUpdateTest -->
  </suite> <!-- Naukri Resume Update Suite -->
</testng-results>
